[debug] [2020-06-14T04:37:13.662Z] ----------------------------------------------------------------------
[debug] [2020-06-14T04:37:13.665Z] Command:       C:\Program Files\nodejs\node.exe C:\Users\vlad-\AppData\Roaming\npm\node_modules\firebase-tools\lib\bin\firebase.js init
[debug] [2020-06-14T04:37:13.666Z] CLI Version:   8.4.2
[debug] [2020-06-14T04:37:13.666Z] Platform:      win32
[debug] [2020-06-14T04:37:13.666Z] Node Version:  v14.4.0
[debug] [2020-06-14T04:37:13.667Z] Time:          Sun Jun 14 2020 12:37:13 GMT+0800 (Гонконг, стандартное время)
[debug] [2020-06-14T04:37:13.668Z] ----------------------------------------------------------------------
[debug] [2020-06-14T04:37:13.668Z] 
[debug] [2020-06-14T04:37:13.681Z] > command requires scopes: ["email","openid","https://www.googleapis.com/auth/cloudplatformprojects.readonly","https://www.googleapis.com/auth/firebase","https://www.googleapis.com/auth/cloud-platform"]
[debug] [2020-06-14T04:37:13.682Z] > authorizing via signed-in user
[info] 
     ######## #### ########  ######## ########     ###     ######  ########
     ##        ##  ##     ## ##       ##     ##  ##   ##  ##       ##
     ######    ##  ########  ######   ########  #########  ######  ######
     ##        ##  ##    ##  ##       ##     ## ##     ##       ## ##
     ##       #### ##     ## ######## ########  ##     ##  ######  ########

You're about to initialize a Firebase project in this directory:

  D:\react-redux-js\js-full-project

[info] 
=== Project Setup
[info] 
[info] First, let's associate this project directory with a Firebase project.
[info] You can create multiple project aliases by running firebase use --add, 
[info] but for now we'll just set up a default project.
[info] 
[debug] [2020-06-14T04:37:20.602Z] > refreshing access token with scopes: ["email","https://www.googleapis.com/auth/cloud-platform","https://www.googleapis.com/auth/cloudplatformprojects.readonly","https://www.googleapis.com/auth/firebase","openid"]
[debug] [2020-06-14T04:37:20.603Z] >>> HTTP REQUEST POST https://www.googleapis.com/oauth2/v3/token  
 <request body omitted>
[debug] [2020-06-14T04:51:23.529Z] ----------------------------------------------------------------------
[debug] [2020-06-14T04:51:23.531Z] Command:       C:\Program Files\nodejs\node.exe C:\Users\vlad-\AppData\Roaming\npm\node_modules\firebase-tools\lib\bin\firebase.js init
[debug] [2020-06-14T04:51:23.532Z] CLI Version:   8.4.2
[debug] [2020-06-14T04:51:23.532Z] Platform:      win32
[debug] [2020-06-14T04:51:23.532Z] Node Version:  v14.4.0
[debug] [2020-06-14T04:51:23.533Z] Time:          Sun Jun 14 2020 12:51:23 GMT+0800 (Гонконг, стандартное время)
[debug] [2020-06-14T04:51:23.533Z] ----------------------------------------------------------------------
[debug] [2020-06-14T04:51:23.534Z] 
[debug] [2020-06-14T04:51:23.544Z] > command requires scopes: ["email","openid","https://www.googleapis.com/auth/cloudplatformprojects.readonly","https://www.googleapis.com/auth/firebase","https://www.googleapis.com/auth/cloud-platform"]
[debug] [2020-06-14T04:51:23.545Z] > authorizing via signed-in user
[info] 
     ######## #### ########  ######## ########     ###     ######  ########
     ##        ##  ##     ## ##       ##     ##  ##   ##  ##       ##
     ######    ##  ########  ######   ########  #########  ######  ######
     ##        ##  ##    ##  ##       ##     ## ##     ##       ## ##
     ##       #### ##     ## ######## ########  ##     ##  ######  ########

You're about to initialize a Firebase project in this directory:

  D:\react-redux-js\js-full-project

[info] 
=== Project Setup
[info] 
[info] First, let's associate this project directory with a Firebase project.
[info] You can create multiple project aliases by running firebase use --add, 
[info] but for now we'll just set up a default project.
[info] 
[debug] [2020-06-14T04:51:37.574Z] > refreshing access token with scopes: ["email","https://www.googleapis.com/auth/cloud-platform","https://www.googleapis.com/auth/cloudplatformprojects.readonly","https://www.googleapis.com/auth/firebase","openid"]
[debug] [2020-06-14T04:51:37.575Z] >>> HTTP REQUEST POST https://www.googleapis.com/oauth2/v3/token  
 <request body omitted>
[debug] [2020-06-14T04:52:02.625Z] <<< HTTP RESPONSE 400 {"content-type":"application/json; charset=utf-8","vary":"X-Origin, Referer, Origin,Accept-Encoding","date":"Sun, 14 Jun 2020 04:52:03 GMT","server":"scaffolding on HTTPServer2","cache-control":"private","x-xss-protection":"0","x-frame-options":"SAMEORIGIN","x-content-type-options":"nosniff","alt-svc":"h3-27=\":443\"; ma=2592000,h3-25=\":443\"; ma=2592000,h3-T050=\":443\"; ma=2592000,h3-Q050=\":443\"; ma=2592000,h3-Q049=\":443\"; ma=2592000,h3-Q048=\":443\"; ma=2592000,h3-Q046=\":443\"; ma=2592000,h3-Q043=\":443\"; ma=2592000,quic=\":443\"; ma=2592000; v=\"46,43\"","accept-ranges":"none","transfer-encoding":"chunked"}
[debug] [2020-06-14T04:52:02.628Z] >>> HTTP REQUEST GET https://firebase.googleapis.com/v1beta1/projects?pageSize=100  
 
[debug] [2020-06-14T04:52:43.582Z] Server Error. ESOCKETTIMEDOUT
[debug] [2020-06-14T04:52:59.098Z] FirebaseError: Server Error. ESOCKETTIMEDOUT
    at Request._callback (C:\Users\vlad-\AppData\Roaming\npm\node_modules\firebase-tools\lib\api.js:32:31)
    at self.callback (C:\Users\vlad-\AppData\Roaming\npm\node_modules\firebase-tools\node_modules\request\request.js:185:22)
    at Request.emit (events.js:315:20)
    at Request.EventEmitter.emit (domain.js:485:12)
    at ClientRequest.<anonymous> (C:\Users\vlad-\AppData\Roaming\npm\node_modules\firebase-tools\node_modules\request\request.js:819:16)
    at Object.onceWrapper (events.js:421:28)
    at ClientRequest.emit (events.js:315:20)
    at ClientRequest.EventEmitter.emit (domain.js:485:12)
    at TLSSocket.emitRequestTimeout (_http_client.js:768:9)
    at Object.onceWrapper (events.js:421:28)
    at TLSSocket.emit (events.js:327:22)
    at TLSSocket.EventEmitter.emit (domain.js:485:12)
    at TLSSocket.Socket._onTimeout (net.js:480:8)
    at listOnTimeout (internal/timers.js:549:17)
    at processTimers (internal/timers.js:492:7)
[error] 
[error] Error: Failed to list Firebase projects. See firebase-debug.log for more info.
[debug] [2020-06-14T05:06:52.948Z] ----------------------------------------------------------------------
[debug] [2020-06-14T05:06:52.951Z] Command:       C:\Program Files\nodejs\node.exe C:\Users\vlad-\AppData\Roaming\npm\node_modules\firebase-tools\lib\bin\firebase.js login:ci
[debug] [2020-06-14T05:06:52.951Z] CLI Version:   8.4.2
[debug] [2020-06-14T05:06:52.951Z] Platform:      win32
[debug] [2020-06-14T05:06:52.952Z] Node Version:  v14.4.0
[debug] [2020-06-14T05:06:52.953Z] Time:          Sun Jun 14 2020 13:06:52 GMT+0800 (Гонконг, стандартное время)
[debug] [2020-06-14T05:06:52.953Z] ----------------------------------------------------------------------
[debug] [2020-06-14T05:06:52.953Z] 
[info] 
[info] Visit this URL on this device to log in:
[info] https://accounts.google.com/o/oauth2/auth?client_id=563584335869-fgrhgmd47bqnekij5i8b5pr03ho849e6.apps.googleusercontent.com&scope=email%20openid%20https%3A%2F%2Fwww.googleapis.com%2Fauth%2Fcloudplatformprojects.readonly%20https%3A%2F%2Fwww.googleapis.com%2Fauth%2Ffirebase%20https%3A%2F%2Fwww.googleapis.com%2Fauth%2Fcloud-platform&response_type=code&state=836479763&redirect_uri=http%3A%2F%2Flocalhost%3A9005
[info] 
[info] Waiting for authentication...
[debug] [2020-06-14T05:07:34.274Z] >>> HTTP REQUEST POST https://accounts.google.com/o/oauth2/token  
 {"code":"4/0wHqtbPoqXTIt8MrxZFdTY0ixxpMcmN9esOK7qk1_j72Eh1U2osU6qB22V6oX8tGHgKdPHr7POJuidDcVCu6l90","client_id":"563584335869-fgrhgmd47bqnekij5i8b5pr03ho849e6.apps.googleusercontent.com","client_secret":"j9iVZfS8kkCEFUPaAeJV0sAi","redirect_uri":"http://localhost:9005","grant_type":"authorization_code"}
[debug] [2020-06-14T05:07:55.353Z] Token Fetch Error: FirebaseError: Server Error. connect ETIMEDOUT 172.217.27.141:443
    at Request._callback (C:\Users\vlad-\AppData\Roaming\npm\node_modules\firebase-tools\lib\api.js:32:31)
    at self.callback (C:\Users\vlad-\AppData\Roaming\npm\node_modules\firebase-tools\node_modules\request\request.js:185:22)
    at Request.emit (events.js:315:20)
    at Request.EventEmitter.emit (domain.js:485:12)
    at Request.onRequestError (C:\Users\vlad-\AppData\Roaming\npm\node_modules\firebase-tools\node_modules\request\request.js:877:8)
    at ClientRequest.emit (events.js:315:20)
    at ClientRequest.EventEmitter.emit (domain.js:485:12)
    at TLSSocket.socketErrorListener (_http_client.js:467:9)
    at TLSSocket.emit (events.js:315:20)
    at TLSSocket.EventEmitter.emit (domain.js:485:12)
    at emitErrorNT (internal/streams/destroy.js:100:8)
    at emitErrorCloseNT (internal/streams/destroy.js:68:3)
    at processTicksAndRejections (internal/process/task_queues.js:84:21)
